Executing action: reconfigure
Running cmake in directory D:\ESP32-Code\CrowPanel-P4\p4_c6_flasher\build
Executing "cmake -G Ninja -DPYTHON_DEPS_CHECKED=1 -DPYTHON=C:\Users\ngocv\.espressif\python_env\idf5.5_py3.14_env\Scripts\python.exe -DESP_PLATFORM=1 -DCCACHE_ENABLE=1 D:\ESP32-Code\CrowPanel-P4\p4_c6_flasher"...
-- git rev-parse returned 'fatal: not a git repository (or any of the parent directories): .git'
fatal: not a git repository (or any of the parent directories): .git
-- Minimal build - OFF
-- ccache will be used for faster recompilation
-- Building ESP-IDF components for target esp32p4
NOTICE: Processing 3 dependencies:
NOTICE: [1/3] espressif/esp_tinyusb (1.7.6~2)
NOTICE: [2/3] espressif/tinyusb (0.19.0~3)
NOTICE: [3/3] idf (5.5.2)
-- ESP-TEE is currently supported only on the esp32c6;esp32h2;esp32c5 SoCs
-- Project sdkconfig file D:/ESP32-Code/CrowPanel-P4/p4_c6_flasher/sdkconfig
Loading defaults file D:/ESP32-Code/CrowPanel-P4/p4_c6_flasher/sdkconfig.defaults...
warning: unknown kconfig symbol 'TINYUSB_DESC_USE_DEFAULT_VID_PID' assigned to 'y' in D:/ESP32-Code/CrowPanel-P4/p4_c6_flasher/sdkconfig.defaults
-- Adding linker script D:/Bluetooth Project - Copy/esp-idf/components/riscv/ld/rom.api.ld
-- USING O3
-- App "p4_c6_flasher" version: 6779d98-dirty
-- Adding linker script D:/ESP32-Code/CrowPanel-P4/p4_c6_flasher/build/esp-idf/esp_system/ld/memory.ld
-- Adding linker script D:/ESP32-Code/CrowPanel-P4/p4_c6_flasher/build/esp-idf/esp_system/ld/sections.ld.in
-- Adding linker script D:/Bluetooth Project - Copy/esp-idf/components/esp_rom/esp32p4/ld/esp32p4.rom.ld
-- Adding linker script D:/Bluetooth Project - Copy/esp-idf/components/esp_rom/esp32p4/ld/esp32p4.rom.api.ld
-- Adding linker script D:/Bluetooth Project - Copy/esp-idf/components/esp_rom/esp32p4/ld/esp32p4.rom.rvfp.ld
-- Adding linker script D:/Bluetooth Project - Copy/esp-idf/components/esp_rom/esp32p4/ld/esp32p4.rom.wdt.ld
-- Adding linker script D:/Bluetooth Project - Copy/esp-idf/components/esp_rom/esp32p4/ld/esp32p4.rom.systimer.ld
-- Adding linker script D:/Bluetooth Project - Copy/esp-idf/components/esp_rom/esp32p4/ld/esp32p4.rom.version.ld
-- Adding linker script D:/Bluetooth Project - Copy/esp-idf/components/esp_rom/esp32p4/ld/esp32p4.rom.libc.ld
-- Adding linker script D:/Bluetooth Project - Copy/esp-idf/components/esp_rom/esp32p4/ld/esp32p4.rom.libc-suboptimal_for_misaligned_mem.ld
-- Adding linker script D:/Bluetooth Project - Copy/esp-idf/components/esp_rom/esp32p4/ld/esp32p4.rom.newlib.ld
-- Adding linker script D:/Bluetooth Project - Copy/esp-idf/components/soc/esp32p4/ld/esp32p4.peripherals.ld
fatal: not a git repository (or any of the parent directories): .git
fatal: not a git repository: D:/Bluetooth Project - Copy/esp-idf/components/openthread/openthread/../../../.git/modules/components/openthread/openthread
-- Components: app_trace app_update bootloader bootloader_support bt cmock console cxx driver efuse esp-tls esp_adc esp_app_format esp_bootloader_format esp_coex esp_common esp_driver_ana_cmpr esp_driver_bitscrambler esp_driver_cam esp_driver_dac esp_driver_gpio esp_driver_gptimer esp_driver_i2c esp_driver_i2s esp_driver_isp esp_driver_jpeg esp_driver_ledc esp_driver_mcpwm esp_driver_parlio esp_driver_pcnt esp_driver_ppa esp_driver_rmt esp_driver_sdio esp_driver_sdm esp_driver_sdmmc esp_driver_sdspi esp_driver_spi esp_driver_touch_sens esp_driver_tsens esp_driver_twai esp_driver_uart esp_driver_usb_serial_jtag esp_eth esp_event esp_gdbstub esp_hid esp_http_client esp_http_server esp_https_ota esp_https_server esp_hw_support esp_lcd esp_local_ctrl esp_mm esp_netif esp_netif_stack esp_partition esp_phy esp_pm esp_psram esp_ringbuf esp_rom esp_security esp_system esp_timer esp_vfs_console esp_wifi espcoredump espressif__esp_tinyusb espressif__tinyusb esptool_py fatfs freertos hal heap http_parser idf_test ieee802154 json log lwip main mbedtls mqtt newlib nvs_flash nvs_sec_provider openthread partition_table protobuf-c protocomm pthread riscv rt sdmmc soc spi_flash spiffs tcp_transport ulp unity usb vfs wear_levelling wifi_provisioning wpa_supplicant
-- Component paths: D:/Bluetooth Project - Copy/esp-idf/components/app_trace D:/Bluetooth Project - Copy/esp-idf/components/app_update D:/Bluetooth Project - Copy/esp-idf/components/bootloader D:/Bluetooth Project - Copy/esp-idf/components/bootloader_support D:/Bluetooth Project - Copy/esp-idf/components/bt D:/Bluetooth Project - Copy/esp-idf/components/cmock D:/Bluetooth Project - Copy/esp-idf/components/console D:/Bluetooth Project - Copy/esp-idf/components/cxx D:/Bluetooth Project - Copy/esp-idf/components/driver D:/Bluetooth Project - Copy/esp-idf/components/efuse D:/Bluetooth Project - Copy/esp-idf/components/esp-tls D:/Bluetooth Project - Copy/esp-idf/components/esp_adc D:/Bluetooth Project - Copy/esp-idf/components/esp_app_format D:/Bluetooth Project - Copy/esp-idf/components/esp_bootloader_format D:/Bluetooth Project - Copy/esp-idf/components/esp_coex D:/Bluetooth Project - Copy/esp-idf/components/esp_common D:/Bluetooth Project - Copy/esp-idf/components/esp_driver_ana_cmpr D:/Bluetooth Project - Copy/esp-idf/components/esp_driver_bitscrambler D:/Bluetooth Project - Copy/esp-idf/components/esp_driver_cam D:/Bluetooth Project - Copy/esp-idf/components/esp_driver_dac D:/Bluetooth Project - Copy/esp-idf/components/esp_driver_gpio D:/Bluetooth Project - Copy/esp-idf/components/esp_driver_gptimer D:/Bluetooth Project - Copy/esp-idf/components/esp_driver_i2c D:/Bluetooth Project - Copy/esp-idf/components/esp_driver_i2s D:/Bluetooth Project - Copy/esp-idf/components/esp_driver_isp D:/Bluetooth Project - Copy/esp-idf/components/esp_driver_jpeg D:/Bluetooth Project - Copy/esp-idf/components/esp_driver_ledc D:/Bluetooth Project - Copy/esp-idf/components/esp_driver_mcpwm D:/Bluetooth Project - Copy/esp-idf/components/esp_driver_parlio D:/Bluetooth Project - Copy/esp-idf/components/esp_driver_pcnt D:/Bluetooth Project - Copy/esp-idf/components/esp_driver_ppa D:/Bluetooth Project - Copy/esp-idf/components/esp_driver_rmt D:/Bluetooth Project - Copy/esp-idf/components/esp_driver_sdio D:/Bluetooth Project - Copy/esp-idf/components/esp_driver_sdm D:/Bluetooth Project - Copy/esp-idf/components/esp_driver_sdmmc D:/Bluetooth Project - Copy/esp-idf/components/esp_driver_sdspi D:/Bluetooth Project - Copy/esp-idf/components/esp_driver_spi D:/Bluetooth Project - Copy/esp-idf/components/esp_driver_touch_sens D:/Bluetooth Project - Copy/esp-idf/components/esp_driver_tsens D:/Bluetooth Project - Copy/esp-idf/components/esp_driver_twai D:/Bluetooth Project - Copy/esp-idf/components/esp_driver_uart D:/Bluetooth Project - Copy/esp-idf/components/esp_driver_usb_serial_jtag D:/Bluetooth Project - Copy/esp-idf/components/esp_eth D:/Bluetooth Project - Copy/esp-idf/components/esp_event D:/Bluetooth Project - Copy/esp-idf/components/esp_gdbstub D:/Bluetooth Project - Copy/esp-idf/components/esp_hid D:/Bluetooth Project - Copy/esp-idf/components/esp_http_client D:/Bluetooth Project - Copy/esp-idf/components/esp_http_server D:/Bluetooth Project - Copy/esp-idf/components/esp_https_ota D:/Bluetooth Project - Copy/esp-idf/components/esp_https_server D:/Bluetooth Project - Copy/esp-idf/components/esp_hw_support D:/Bluetooth Project - Copy/esp-idf/components/esp_lcd D:/Bluetooth Project - Copy/esp-idf/components/esp_local_ctrl D:/Bluetooth Project - Copy/esp-idf/components/esp_mm D:/Bluetooth Project - Copy/esp-idf/components/esp_netif D:/Bluetooth Project - Copy/esp-idf/components/esp_netif_stack D:/Bluetooth Project - Copy/esp-idf/components/esp_partition D:/Bluetooth Project - Copy/esp-idf/components/esp_phy D:/Bluetooth Project - Copy/esp-idf/components/esp_pm D:/Bluetooth Project - Copy/esp-idf/components/esp_psram D:/Bluetooth Project - Copy/esp-idf/components/esp_ringbuf D:/Bluetooth Project - Copy/esp-idf/components/esp_rom D:/Bluetooth Project - Copy/esp-idf/components/esp_security D:/Bluetooth Project - Copy/esp-idf/components/esp_system D:/Bluetooth Project - Copy/esp-idf/components/esp_timer D:/Bluetooth Project - Copy/esp-idf/components/esp_vfs_console D:/Bluetooth Project - Copy/esp-idf/components/esp_wifi D:/Bluetooth Project - Copy/esp-idf/components/espcoredump D:/ESP32-Code/CrowPanel-P4/p4_c6_flasher/managed_components/espressif__esp_tinyusb D:/ESP32-Code/CrowPanel-P4/p4_c6_flasher/managed_components/espressif__tinyusb D:/Bluetooth Project - Copy/esp-idf/components/esptool_py D:/Bluetooth Project - Copy/esp-idf/components/fatfs D:/Bluetooth Project - Copy/esp-idf/components/freertos D:/Bluetooth Project - Copy/esp-idf/components/hal D:/Bluetooth Project - Copy/esp-idf/components/heap D:/Bluetooth Project - Copy/esp-idf/components/http_parser D:/Bluetooth Project - Copy/esp-idf/components/idf_test D:/Bluetooth Project - Copy/esp-idf/components/ieee802154 D:/Bluetooth Project - Copy/esp-idf/components/json D:/Bluetooth Project - Copy/esp-idf/components/log D:/Bluetooth Project - Copy/esp-idf/components/lwip D:/ESP32-Code/CrowPanel-P4/p4_c6_flasher/main D:/Bluetooth Project - Copy/esp-idf/components/mbedtls D:/Bluetooth Project - Copy/esp-idf/components/mqtt D:/Bluetooth Project - Copy/esp-idf/components/newlib D:/Bluetooth Project - Copy/esp-idf/components/nvs_flash D:/Bluetooth Project - Copy/esp-idf/components/nvs_sec_provider D:/Bluetooth Project - Copy/esp-idf/components/openthread D:/Bluetooth Project - Copy/esp-idf/components/partition_table D:/Bluetooth Project - Copy/esp-idf/components/protobuf-c D:/Bluetooth Project - Copy/esp-idf/components/protocomm D:/Bluetooth Project - Copy/esp-idf/components/pthread D:/Bluetooth Project - Copy/esp-idf/components/riscv D:/Bluetooth Project - Copy/esp-idf/components/rt D:/Bluetooth Project - Copy/esp-idf/components/sdmmc D:/Bluetooth Project - Copy/esp-idf/components/soc D:/Bluetooth Project - Copy/esp-idf/components/spi_flash D:/Bluetooth Project - Copy/esp-idf/components/spiffs D:/Bluetooth Project - Copy/esp-idf/components/tcp_transport D:/Bluetooth Project - Copy/esp-idf/components/ulp D:/Bluetooth Project - Copy/esp-idf/components/unity D:/Bluetooth Project - Copy/esp-idf/components/usb D:/Bluetooth Project - Copy/esp-idf/components/vfs D:/Bluetooth Project - Copy/esp-idf/components/wear_levelling D:/Bluetooth Project - Copy/esp-idf/components/wifi_provisioning D:/Bluetooth Project - Copy/esp-idf/components/wpa_supplicant
-- Configuring done (7.0s)
-- Generating done (1.2s)
-- Build files have been written to: D:/ESP32-Code/CrowPanel-P4/p4_c6_flasher/build
